2020-05-25 20:30:15,010 Exception on /psiturk [GET]
Traceback (most recent call last):
  File "/home/adat/.local/lib/python2.7/site-packages/flask/app.py", line 2317, in wsgi_app
    response = self.full_dispatch_request()
  File "/home/adat/.local/lib/python2.7/site-packages/flask/app.py", line 1840, in full_dispatch_request
    rv = self.handle_user_exception(e)
  File "/home/adat/.local/lib/python2.7/site-packages/flask/app.py", line 1743, in handle_user_exception
    reraise(exc_type, exc_value, tb)
  File "/home/adat/.local/lib/python2.7/site-packages/flask/app.py", line 1838, in full_dispatch_request
    rv = self.dispatch_request()
  File "/home/adat/.local/lib/python2.7/site-packages/flask/app.py", line 1824, in dispatch_request
    return self.view_functions[rule.endpoint](**req.view_args)
  File "/home/adat/.local/lib/python2.7/site-packages/psiturk/experiment.py", line 747, in regularpage
    return render_template(pagename)
  File "/home/adat/.local/lib/python2.7/site-packages/flask/templating.py", line 134, in render_template
    return _render(ctx.app.jinja_env.get_or_select_template(template_name_or_list),
  File "/home/adat/.local/lib/python2.7/site-packages/jinja2/environment.py", line 930, in get_or_select_template
    return self.get_template(template_name_or_list, parent, globals)
  File "/home/adat/.local/lib/python2.7/site-packages/jinja2/environment.py", line 883, in get_template
    return self._load_template(name, self.make_globals(globals))
  File "/home/adat/.local/lib/python2.7/site-packages/jinja2/environment.py", line 857, in _load_template
    template = self.loader.load(self, name, globals)
  File "/home/adat/.local/lib/python2.7/site-packages/jinja2/loaders.py", line 115, in load
    source, filename, uptodate = self.get_source(environment, name)
  File "/home/adat/.local/lib/python2.7/site-packages/flask/templating.py", line 58, in get_source
    return self._get_source_fast(environment, template)
  File "/home/adat/.local/lib/python2.7/site-packages/flask/templating.py", line 86, in _get_source_fast
    raise TemplateNotFound(template)
TemplateNotFound: psiturk
2020-05-25 20:31:16,138 Exception on /psiturk [GET]
Traceback (most recent call last):
  File "/home/adat/.local/lib/python2.7/site-packages/flask/app.py", line 2317, in wsgi_app
    response = self.full_dispatch_request()
  File "/home/adat/.local/lib/python2.7/site-packages/flask/app.py", line 1840, in full_dispatch_request
    rv = self.handle_user_exception(e)
  File "/home/adat/.local/lib/python2.7/site-packages/flask/app.py", line 1743, in handle_user_exception
    reraise(exc_type, exc_value, tb)
  File "/home/adat/.local/lib/python2.7/site-packages/flask/app.py", line 1838, in full_dispatch_request
    rv = self.dispatch_request()
  File "/home/adat/.local/lib/python2.7/site-packages/flask/app.py", line 1824, in dispatch_request
    return self.view_functions[rule.endpoint](**req.view_args)
  File "/home/adat/.local/lib/python2.7/site-packages/psiturk/experiment.py", line 747, in regularpage
    return render_template(pagename)
  File "/home/adat/.local/lib/python2.7/site-packages/flask/templating.py", line 134, in render_template
    return _render(ctx.app.jinja_env.get_or_select_template(template_name_or_list),
  File "/home/adat/.local/lib/python2.7/site-packages/jinja2/environment.py", line 930, in get_or_select_template
    return self.get_template(template_name_or_list, parent, globals)
  File "/home/adat/.local/lib/python2.7/site-packages/jinja2/environment.py", line 883, in get_template
    return self._load_template(name, self.make_globals(globals))
  File "/home/adat/.local/lib/python2.7/site-packages/jinja2/environment.py", line 857, in _load_template
    template = self.loader.load(self, name, globals)
  File "/home/adat/.local/lib/python2.7/site-packages/jinja2/loaders.py", line 115, in load
    source, filename, uptodate = self.get_source(environment, name)
  File "/home/adat/.local/lib/python2.7/site-packages/flask/templating.py", line 58, in get_source
    return self._get_source_fast(environment, template)
  File "/home/adat/.local/lib/python2.7/site-packages/flask/templating.py", line 86, in _get_source_fast
    raise TemplateNotFound(template)
TemplateNotFound: psiturk
2020-05-25 20:38:43,697 hit_assign_worker_id_not_set_in_mturk (1001) {}
2023-03-02 18:26:08,769 Scheduler started
2023-03-02 18:26:08,802 Scheduler started
2023-03-02 18:26:08,837 Scheduler started
2023-03-02 18:26:08,843 Scheduler started
2023-03-02 18:26:08,986 Scheduler started
2023-03-02 18:26:09,089 Scheduler started
2023-03-02 18:26:09,103 Scheduler started
2023-03-02 18:26:09,124 Scheduler started
2023-03-02 18:26:09,169 Scheduler started
2023-03-02 18:26:09,199 Scheduler started
2023-03-02 18:26:09,235 Scheduler started
2023-03-02 18:26:09,309 Scheduler started
2023-03-02 18:26:09,363 Scheduler started
2023-03-02 18:26:09,384 Scheduler started
2023-03-02 18:26:09,442 Scheduler started
2023-03-02 18:26:09,520 Scheduler started
2023-03-02 18:26:09,535 Scheduler started
2023-03-02 18:26:09,552 Scheduler started
2023-03-02 18:26:09,611 Scheduler started
2023-03-02 18:26:09,669 Scheduler started
2023-03-02 18:26:09,721 Scheduler started
2023-03-02 18:26:09,727 Scheduler started
2023-03-02 18:26:09,753 Scheduler started
2023-03-02 18:26:09,823 Scheduler started
2023-03-02 18:26:09,827 Scheduler started
2023-03-02 18:26:09,848 Scheduler started
2023-03-02 18:26:09,884 Scheduler started
2023-03-02 18:26:09,931 Scheduler started
2023-03-02 18:26:09,988 Scheduler started
2023-03-02 18:26:10,046 Scheduler started
2023-03-02 18:26:10,129 Scheduler started
2023-03-02 18:26:10,154 Scheduler started
2023-03-02 18:26:10,193 Scheduler started
2023-03-03 00:03:04,850 Scheduler started
2023-03-03 00:03:04,914 Scheduler started
2023-03-03 00:03:04,961 Scheduler started
2023-03-03 00:03:05,006 Scheduler started
2023-03-03 00:03:05,023 Scheduler started
2023-03-03 00:03:05,149 Scheduler started
2023-03-03 00:03:05,151 Scheduler started
2023-03-03 00:03:05,263 Scheduler started
2023-03-03 00:03:05,288 Scheduler started
2023-03-03 00:03:05,301 Scheduler started
2023-03-03 00:03:05,301 Scheduler started
2023-03-03 00:03:05,317 Scheduler started
2023-03-03 00:03:05,420 Scheduler started
2023-03-03 00:03:05,434 Scheduler started
2023-03-03 00:03:05,530 Scheduler started
2023-03-03 00:03:05,544 Scheduler started
2023-03-03 00:03:05,611 Scheduler started
2023-03-03 00:03:05,626 Scheduler started
2023-03-03 00:03:05,688 Scheduler started
2023-03-03 00:03:05,778 Scheduler started
2023-03-03 00:03:05,832 Scheduler started
2023-03-03 00:03:05,984 Scheduler started
2023-03-03 00:03:05,992 Scheduler started
2023-03-03 00:03:06,033 Scheduler started
2023-03-03 00:03:06,047 Scheduler started
2023-03-03 00:03:06,098 Scheduler started
2023-03-03 00:03:06,153 Scheduler started
2023-03-03 00:03:06,155 Scheduler started
2023-03-03 00:03:06,242 Scheduler started
2023-03-03 00:03:06,269 Scheduler started
2023-03-03 00:03:06,348 Scheduler started
2023-03-03 00:03:06,350 Scheduler started
2023-03-03 00:03:06,388 Scheduler started
2023-03-03 00:06:50,172 Scheduler started
2023-03-03 00:06:50,289 Scheduler started
2023-03-03 00:06:50,301 Scheduler started
2023-03-03 00:06:50,326 Scheduler started
2023-03-03 00:06:50,365 Scheduler started
2023-03-03 00:06:50,454 Scheduler started
2023-03-03 00:06:50,521 Scheduler started
2023-03-03 00:06:50,590 Scheduler started
2023-03-03 00:06:50,678 Scheduler started
2023-03-03 00:06:50,770 Scheduler started
2023-03-03 00:06:50,826 Scheduler started
2023-03-03 00:06:50,899 Scheduler started
2023-03-03 00:06:50,949 Scheduler started
2023-03-03 00:06:50,974 Scheduler started
2023-03-03 00:06:51,034 Scheduler started
2023-03-03 00:06:51,094 Scheduler started
2023-03-03 00:06:51,118 Scheduler started
2023-03-03 00:06:51,137 Scheduler started
2023-03-03 00:06:51,212 Scheduler started
2023-03-03 00:06:51,317 Scheduler started
2023-03-03 00:06:51,357 Scheduler started
2023-03-03 00:06:51,412 Scheduler started
2023-03-03 00:06:51,485 Scheduler started
2023-03-03 00:06:51,567 Scheduler started
2023-03-03 00:06:51,639 Scheduler started
2023-03-03 00:06:51,727 Scheduler started
2023-03-03 00:06:51,824 Scheduler started
2023-03-03 00:06:51,861 Scheduler started
2023-03-03 00:06:51,877 Scheduler started
2023-03-03 00:06:51,915 Scheduler started
2023-03-03 00:06:51,988 Scheduler started
2023-03-03 00:06:51,992 Scheduler started
2023-03-03 00:06:52,081 Scheduler started
2023-03-03 01:14:50,647 Scheduler started
2023-03-03 01:14:50,746 Scheduler started
2023-03-03 01:14:50,784 Scheduler started
2023-03-03 01:14:50,825 Scheduler started
2023-03-03 01:14:50,920 Scheduler started
2023-03-03 01:14:50,936 Scheduler started
2023-03-03 01:14:51,009 Scheduler started
2023-03-03 01:14:51,058 Scheduler started
2023-03-03 01:14:51,083 Scheduler started
2023-03-03 01:14:51,170 Scheduler started
2023-03-03 01:14:51,234 Scheduler started
2023-03-03 01:14:51,317 Scheduler started
2023-03-03 01:14:51,374 Scheduler started
2023-03-03 01:14:51,425 Scheduler started
2023-03-03 01:14:51,506 Scheduler started
2023-03-03 01:14:51,591 Scheduler started
2023-03-03 01:14:51,677 Scheduler started
2023-03-03 01:14:51,717 Scheduler started
2023-03-03 01:14:51,786 Scheduler started
2023-03-03 01:14:51,877 Scheduler started
2023-03-03 01:14:51,937 Scheduler started
2023-03-03 01:14:51,977 Scheduler started
2023-03-03 01:14:52,025 Scheduler started
2023-03-03 01:14:52,089 Scheduler started
2023-03-03 01:14:52,160 Scheduler started
2023-03-03 01:14:52,196 Scheduler started
2023-03-03 01:14:52,245 Scheduler started
2023-03-03 01:14:52,341 Scheduler started
2023-03-03 01:14:52,433 Scheduler started
2023-03-03 01:14:52,465 Scheduler started
2023-03-03 01:14:52,504 Scheduler started
2023-03-03 01:14:52,544 Scheduler started
2023-03-03 01:14:52,618 Scheduler started
2023-03-03 13:53:30,807 Scheduler started
2023-03-03 13:53:30,820 Scheduler started
2023-03-03 13:53:30,841 Scheduler started
2023-03-03 13:53:30,869 Scheduler started
2023-03-03 13:53:30,944 Scheduler started
2023-03-03 13:53:31,047 Scheduler started
2023-03-03 13:53:31,078 Scheduler started
2023-03-03 13:53:31,099 Scheduler started
2023-03-03 13:53:31,100 Scheduler started
2023-03-03 13:53:31,132 Scheduler started
2023-03-03 13:53:31,267 Scheduler started
2023-03-03 13:53:31,292 Scheduler started
2023-03-03 13:53:31,318 Scheduler started
2023-03-03 13:53:31,345 Scheduler started
2023-03-03 13:53:31,357 Scheduler started
2023-03-03 13:53:31,377 Scheduler started
2023-03-03 13:53:31,406 Scheduler started
2023-03-03 13:53:31,535 Scheduler started
2023-03-03 13:53:31,538 Scheduler started
2023-03-03 13:53:31,599 Scheduler started
2023-03-03 13:53:31,640 Scheduler started
2023-03-03 13:53:31,703 Scheduler started
2023-03-03 13:53:31,806 Scheduler started
2023-03-03 13:53:31,816 Scheduler started
2023-03-03 13:53:31,879 Scheduler started
2023-03-03 13:53:31,968 Scheduler started
2023-03-03 13:53:32,041 Scheduler started
2023-03-03 13:53:32,096 Scheduler started
2023-03-03 13:53:32,143 Scheduler started
2023-03-03 13:53:32,211 Scheduler started
2023-03-03 13:53:32,236 Scheduler started
2023-03-03 13:53:32,313 Scheduler started
2023-03-03 13:53:32,330 Scheduler started
2023-03-03 15:45:42,425 Scheduler started
2023-03-03 15:45:42,446 Scheduler started
2023-03-03 15:45:42,542 Scheduler started
2023-03-03 15:45:42,603 Scheduler started
2023-03-03 15:45:42,641 Scheduler started
2023-03-03 15:45:42,693 Scheduler started
2023-03-03 15:45:42,701 Scheduler started
2023-03-03 15:45:42,735 Scheduler started
2023-03-03 15:45:42,827 Scheduler started
2023-03-03 15:45:42,933 Scheduler started
2023-03-03 15:45:42,963 Scheduler started
2023-03-03 15:45:42,997 Scheduler started
2023-03-03 15:45:42,999 Scheduler started
2023-03-03 15:45:43,045 Scheduler started
2023-03-03 15:45:43,122 Scheduler started
2023-03-03 15:45:43,141 Scheduler started
2023-03-03 15:45:43,249 Scheduler started
2023-03-03 15:45:43,297 Scheduler started
2023-03-03 15:45:43,334 Scheduler started
2023-03-03 15:45:43,357 Scheduler started
2023-03-03 15:45:43,413 Scheduler started
2023-03-03 15:45:43,518 Scheduler started
2023-03-03 15:45:43,591 Scheduler started
2023-03-03 15:45:43,649 Scheduler started
2023-03-03 15:45:43,709 Scheduler started
2023-03-03 15:45:43,759 Scheduler started
2023-03-03 15:45:43,849 Scheduler started
2023-03-03 15:45:43,941 Scheduler started
2023-03-03 15:45:43,956 Scheduler started
2023-03-03 15:45:44,048 Scheduler started
2023-03-03 15:45:44,118 Scheduler started
2023-03-03 15:45:44,135 Scheduler started
2023-03-03 15:45:44,209 Scheduler started
2023-03-03 19:56:22,983 Scheduler started
2023-03-03 19:56:23,069 Scheduler started
2023-03-03 19:56:23,158 Scheduler started
2023-03-03 19:56:23,189 Scheduler started
2023-03-03 19:56:23,269 Scheduler started
2023-03-03 19:56:23,282 Scheduler started
2023-03-03 19:56:23,353 Scheduler started
2023-03-03 19:56:23,424 Scheduler started
2023-03-03 19:56:23,479 Scheduler started
2023-03-03 19:56:23,569 Scheduler started
2023-03-03 19:56:23,576 Scheduler started
2023-03-03 19:56:23,669 Scheduler started
2023-03-03 19:56:23,711 Scheduler started
2023-03-03 19:56:23,782 Scheduler started
2023-03-03 19:56:23,885 Scheduler started
2023-03-03 19:56:23,894 Scheduler started
2023-03-03 19:56:23,994 Scheduler started
2023-03-03 19:56:24,064 Scheduler started
2023-03-03 19:56:24,126 Scheduler started
2023-03-03 19:56:24,191 Scheduler started
2023-03-03 19:56:24,238 Scheduler started
2023-03-03 19:56:24,269 Scheduler started
2023-03-03 19:56:24,332 Scheduler started
2023-03-03 19:56:24,413 Scheduler started
2023-03-03 19:56:24,446 Scheduler started
2023-03-03 19:56:24,501 Scheduler started
2023-03-03 19:56:24,519 Scheduler started
2023-03-03 19:56:24,561 Scheduler started
2023-03-03 19:56:24,629 Scheduler started
2023-03-03 19:56:24,716 Scheduler started
2023-03-03 19:56:24,718 Scheduler started
2023-03-03 19:56:24,769 Scheduler started
2023-03-03 19:56:24,799 Scheduler started
2023-03-03 23:31:17,149 Scheduler started
2023-03-03 23:31:17,199 Scheduler started
2023-03-03 23:31:17,234 Scheduler started
2023-03-03 23:31:17,300 Scheduler started
2023-03-03 23:31:17,381 Scheduler started
2023-03-03 23:31:17,393 Scheduler started
2023-03-03 23:31:17,417 Scheduler started
2023-03-03 23:31:17,481 Scheduler started
2023-03-03 23:31:17,547 Scheduler started
2023-03-03 23:31:17,582 Scheduler started
2023-03-03 23:31:17,644 Scheduler started
2023-03-03 23:31:17,681 Scheduler started
2023-03-03 23:31:17,713 Scheduler started
2023-03-03 23:31:17,802 Scheduler started
2023-03-03 23:31:17,810 Scheduler started
2023-03-03 23:31:17,889 Scheduler started
2023-03-03 23:31:17,932 Scheduler started
2023-03-03 23:31:17,932 Scheduler started
2023-03-03 23:31:17,974 Scheduler started
2023-03-03 23:31:18,005 Scheduler started
2023-03-03 23:31:18,076 Scheduler started
2023-03-03 23:31:18,182 Scheduler started
2023-03-03 23:31:18,212 Scheduler started
2023-03-03 23:31:18,332 Scheduler started
2023-03-03 23:31:18,385 Scheduler started
2023-03-03 23:31:18,387 Scheduler started
2023-03-03 23:31:18,429 Scheduler started
2023-03-03 23:31:18,475 Scheduler started
2023-03-03 23:31:18,490 Scheduler started
2023-03-03 23:31:18,602 Scheduler started
2023-03-03 23:31:18,618 Scheduler started
2023-03-03 23:31:18,632 Scheduler started
2023-03-03 23:31:18,644 Scheduler started
2023-03-04 01:21:21,864 Scheduler started
2023-03-04 01:21:21,939 Scheduler started
2023-03-04 01:21:21,973 Scheduler started
2023-03-04 01:21:21,989 Scheduler started
2023-03-04 01:21:22,095 Scheduler started
2023-03-04 01:21:22,124 Scheduler started
2023-03-04 01:21:22,131 Scheduler started
2023-03-04 01:21:22,226 Scheduler started
2023-03-04 01:21:22,257 Scheduler started
2023-03-04 01:21:22,257 Scheduler started
2023-03-04 01:21:22,366 Scheduler started
2023-03-04 01:21:22,412 Scheduler started
2023-03-04 01:21:22,468 Scheduler started
2023-03-04 01:21:22,525 Scheduler started
2023-03-04 01:21:22,545 Scheduler started
2023-03-04 01:21:22,567 Scheduler started
2023-03-04 01:21:22,642 Scheduler started
2023-03-04 01:21:22,700 Scheduler started
2023-03-04 01:21:22,736 Scheduler started
2023-03-04 01:21:22,806 Scheduler started
2023-03-04 01:21:22,846 Scheduler started
2023-03-04 01:21:22,915 Scheduler started
2023-03-04 01:21:22,970 Scheduler started
2023-03-04 01:21:23,064 Scheduler started
2023-03-04 01:21:23,140 Scheduler started
2023-03-04 01:21:23,200 Scheduler started
2023-03-04 01:21:23,222 Scheduler started
2023-03-04 01:21:23,239 Scheduler started
2023-03-04 01:21:23,333 Scheduler started
2023-03-04 01:21:23,419 Scheduler started
2023-03-04 01:21:23,428 Scheduler started
2023-03-04 01:21:23,468 Scheduler started
2023-03-04 01:21:23,478 Scheduler started
2023-03-04 01:41:23,573 Scheduler started
2023-03-04 01:41:23,662 Scheduler started
2023-03-04 01:41:23,704 Scheduler started
2023-03-04 01:41:23,748 Scheduler started
2023-03-04 01:41:23,810 Scheduler started
2023-03-04 01:41:23,833 Scheduler started
2023-03-04 01:41:23,912 Scheduler started
2023-03-04 01:41:23,955 Scheduler started
2023-03-04 01:41:24,021 Scheduler started
2023-03-04 01:41:24,120 Scheduler started
2023-03-04 01:41:24,194 Scheduler started
2023-03-04 01:41:24,289 Scheduler started
2023-03-04 01:41:24,363 Scheduler started
2023-03-04 01:41:24,425 Scheduler started
2023-03-04 01:41:24,445 Scheduler started
2023-03-04 01:41:24,492 Scheduler started
2023-03-04 01:41:24,546 Scheduler started
2023-03-04 01:41:24,576 Scheduler started
2023-03-04 01:41:24,625 Scheduler started
2023-03-04 01:41:24,697 Scheduler started
2023-03-04 01:41:24,702 Scheduler started
2023-03-04 01:41:24,766 Scheduler started
2023-03-04 01:41:24,852 Scheduler started
2023-03-04 01:41:24,928 Scheduler started
2023-03-04 01:41:24,971 Scheduler started
2023-03-04 01:41:25,062 Scheduler started
2023-03-04 01:41:25,145 Scheduler started
2023-03-04 01:41:25,164 Scheduler started
2023-03-04 01:41:25,191 Scheduler started
2023-03-04 01:41:25,280 Scheduler started
2023-03-04 01:41:25,313 Scheduler started
2023-03-04 01:41:25,376 Scheduler started
2023-03-04 01:41:25,430 Scheduler started
